C:\Documents and Settings\Jeremy\My Documents\code\java\HC11337\workspace\binary_traversal.lst - generated by MGTEK Assembler ASM11 V1.22 Build 137 for WIN32 (x86) - Wed Mar 19 03:22:08 2008

    1:          =00000000                      ORG $0000
    2:     0000 00                     SUM     FCB $00
    3:                                 
    4:          =0000FF00              START   EQU $FF00
    5:          =0000FF00                      ORG $FF00
    6:     FF00 FF 10 FF 20 07         NODE1   FCB $FF,$10,$FF,$20,$07
    7:          =0000FF10                      ORG $FF10
    8:     FF10 FF 30 FF 40 05         NODE2   FCB $FF,$30,$FF,$40,$05
    9:          =0000FF20                      ORG $FF20
   10:     FF20 FF 50 FF 60 03         NODE3   FCB $FF,$50,$FF,$60,$03
   11:          =0000FF30                      ORG $FF30
   12:     FF30 00 00 00 00 02         NODE4   FCB $00,$00,$00,$00,$02
   13:          =0000FF40                      ORG $FF40
   14:     FF40 FF 70 00 00 01         NODE5   FCB $FF,$70,$00,$00,$01
   15:          =0000FF50                      ORG $FF50
   16:     FF50 00 00 00 00 05         NODE6   FCB $00,$00,$00,$00,$05
   17:          =0000FF60                      ORG $FF60
   18:     FF60 00 00 00 00 0A         NODE7   FCB $00,$00,$00,$00,$0A
   19:          =0000FF70                      ORG $FF70
   20:     FF70 00 00 00 00 06         NODE8   FCB $00,$00,$00,$00,$06
   21:                                 
   22:          =0000E000                      ORG $E000
   23:                                 
   24:     E000 30                     BINTRAV TSX
   25:     E001 1AEE 02                        LDY 2,X
   26:     E004 86 00                          LDAA #0
   27:     E006 97 00                          STAA SUM
   28:     E008 20 14                          BRA ADDUP
   29:                                         
   30:     E00A 1830                   LEFT    TSY
   31:     E00C CDEE 02                        LDX 2,Y
   32:     E00F 1AEE 00                        LDY 0,X
   33:     E012 20 0A                          BRA ADDUP
   34:                                 
   35:     E014 1830                   RIGHT   TSY
   36:     E016 CDEE 02                        LDX 2,Y
   37:     E019 1AEE 02                        LDY 2,X
   38:     E01C 20 00                          BRA ADDUP
   39:                                 
   40:     E01E 188C 0000              ADDUP   CPY #0
   41:     E022 27 14                          BEQ RECURSE
   42:     E024 183C                           PSHY
   43:     E026 BD E00A                        JSR LEFT
   44:     E029 BD E014                        JSR RIGHT
   45:     E02C 1830                           TSY
   46:     E02E CDEE 00                        LDX 0,Y
   47:     E031 A6 04                          LDAA 4,X
   48:     E033 9B 00                          ADDA SUM
   49:     E035 97 00                          STAA SUM
   50:     E037 38                             PULX
   51:     E038 39                     RECURSE RTS
   52:                                 
   53:          =0000C000                      ORG $C000
   54:                                 
   55:     C000 CE FF00                        LDX #START
   56:     C003 3C                             PSHX
   57:     C004 BD E000                        JSR BINTRAV
   58:     C007 20 FE                  LOOP    BRA LOOP
